<?xml version="1.0" encoding="UTF-8"?>
<testng-results skipped="0" failed="0" ignored="0" total="1" passed="1">
  <reporter-output>
  </reporter-output>
  <suite name="Default suite" duration-ms="6528" started-at="2018-09-02T11:32:29Z" finished-at="2018-09-02T11:32:35Z">
    <groups>
    </groups>
    <test name="Default test" duration-ms="6528" started-at="2018-09-02T11:32:29Z" finished-at="2018-09-02T11:32:35Z">
      <class name="kushan.testone">
        <test-method status="PASS" signature="testSearch()[pri:0, instance:kushan.testone@6fa38a]" name="testSearch" duration-ms="6471" started-at="2018-09-02T11:32:29Z" finished-at="2018-09-02T11:32:35Z">
          <reporter-output>
          </reporter-output>
        </test-method> <!-- testSearch -->
      </class> <!-- kushan.testone -->
    </test> <!-- Default test -->
  </suite> <!-- Default suite -->
</testng-results>
